<?xml version="1.0" encoding="UTF-8"?>
<testsuite hostname="Suchis-MacBook-Pro.local" failures="0" tests="4" name="test.java.BAT.FindingeventsTest" time="26.309" errors="0" timestamp="24 Jul 2018 04:11:54 GMT">
  <testcase classname="test.java.BAT.FindingeventsTest" name="f" time="6.874"/>
  <testcase classname="test.java.BAT.LoginTest" name="f" time="6.752"/>
  <testcase classname="test.java.BAT.JSTest" name="testIfLoggedIn" time="3.417"/>
  <testcase classname="test.java.BAT.JSTest" name="testForConsoleErrors" time="5.149"/>
</testsuite>
