<?xml version="1.0" encoding="UTF-8" ?>
<testsuite tests="7" failures="2" name="TestSuite" time="4.933" errors="0" skipped="3">
  <properties>
[...]
</properties>
  <testcase classname="test.java.BAT.LoginTest" name="beforeTest" time="0.553">
    <failure message="The path to the driver executable must be set by the webdriver.chrome.driver system property; for more information, see https://github.com/SeleniumHQ/selenium/wiki/ChromeDriver. The latest version can be downloaded from http://chromedriver.storage.googleapis.com/index.html" type="java.lang.IllegalStateException">java.lang.IllegalStateException: The path to the driver executable must be set by the webdriver.chrome.driver system property; for more information, see https://github.com/SeleniumHQ/selenium/wiki/ChromeDriver. The latest version can be downloaded from http://chromedriver.storage.googleapis.com/index.html
	at com.google.common.base.Preconditions.checkState(Preconditions.java:847)
	at org.openqa.selenium.remote.service.DriverService.findExecutable(DriverService.java:125)
	at org.openqa.selenium.chrome.ChromeDriverService.access$000(ChromeDriverService.java:35)
	at org.openqa.selenium.chrome.ChromeDriverService$Builder.findDefaultExecutable(ChromeDriverService.java:156)
	at org.openqa.selenium.remote.service.DriverService$Builder.build(DriverService.java:346)
	at org.openqa.selenium.chrome.ChromeDriverService.createDefaultService(ChromeDriverService.java:91)
	at org.openqa.selenium.chrome.ChromeDriver.&lt;init&gt;(ChromeDriver.java:123)
	at test.java.BAT.LoginTest.beforeTest(LoginTest.java:43)
</failure>
  </testcase>
  <testcase classname="test.java.BAT.LoginTest" name="f" time="0.001">
    <skipped/>
  </testcase>
  <testcase classname="test.java.BAT.LoginTest" name="setupChromeDriver" time="0">
    <skipped/>
  </testcase>
  <testcase classname="test.java.BAT.LoginTest" name="afterTest" time="0">
    <skipped/>
  </testcase>
  <testcase classname="test.java.BAT.JSTest" name="testIfLoggedIn" time="1.37">
    <failure message="expected:&lt;false&gt; but was:&lt;true&gt;" type="java.lang.AssertionError">java.lang.AssertionError: expected:&lt;false&gt; but was:&lt;true&gt;
	at org.testng.Assert.fail(Assert.java:89)
	at org.testng.Assert.failNotEquals(Assert.java:489)
	at org.testng.Assert.assertEquals(Assert.java:118)
	at org.testng.Assert.assertEquals(Assert.java:281)
	at org.testng.Assert.assertEquals(Assert.java:291)
	at test.java.BAT.JSTest.testIfLoggedIn(JSTest.java:39)
</failure>
    <system-out>TARGET SITE: qa-automation.com
</system-out>
    <system-err>Starting ChromeDriver 2.40.565386 (45a059dc425e08165f9a10324bd1380cc13ca363) on port 3741
Only local connections are allowed.
Jul 23, 2018 9:55:08 PM org.openqa.selenium.remote.ProtocolHandshake createSession
INFO: Detected dialect: OSS
</system-err>
  </testcase>
  <testcase classname="test.java.BAT.JSTest" name="testForConsoleErrors" time="1.648"/>
  <testcase classname="test.java.BAT.FindingeventsTest" name="f" time="1.361"/>
</testsuite>